<?xml version="1.0" encoding="UTF-8"?>
<!-- Generated by org.testng.reporters.JUnitReportReporter -->
<testsuite hostname="LAPTOP-5ULR2249" failures="0" tests="1" name="com.sat2farm.TestPackage.TC08_VerifySoilReportFuctionality" time="1620.751" errors="0" timestamp="2023-06-08T17:35:46 IST" skipped="0">
  <testcase classname="com.sat2farm.TestPackage.TC08_VerifySoilReportFuctionality" name="VerifySoilReportFuctionality" time="1620.751"/>
  <system-out/>
</testsuite> <!-- com.sat2farm.TestPackage.TC08_VerifySoilReportFuctionality -->
